{"level":"info","message":"Connected to MongoDB"}
{"level":"info","message":"Server is running at http://localhost:4000/graphql"}
{"level":"info","message":"Subscriptions ready at ws://localhost:4000/graphql"}
{"level":"info","message":"Connected to MongoDB"}
{"level":"info","message":"Server is running at http://localhost:4000/graphql"}
{"level":"info","message":"Subscriptions ready at ws://localhost:4000/graphql"}
{"level":"info","message":"Connected to MongoDB"}
{"level":"info","message":"Server is running at http://localhost:4000/graphql"}
{"level":"info","message":"Subscriptions ready at ws://localhost:4000/graphql"}
{"level":"info","message":"Connected to MongoDB"}
{"level":"info","message":"Server is running at http://localhost:4000/graphql"}
{"level":"info","message":"Subscriptions ready at ws://localhost:4000/graphql"}
{"level":"info","message":"Connected to MongoDB"}
{"level":"info","message":"Server is running at http://localhost:4000/graphql"}
{"level":"info","message":"Subscriptions ready at ws://localhost:4000/graphql"}
{"level":"info","message":"Connected to MongoDB"}
{"level":"info","message":"Server is running at http://localhost:4000/graphql"}
{"level":"info","message":"Subscriptions ready at ws://localhost:4000/graphql"}
{"level":"info","message":"Connected to MongoDB"}
{"level":"info","message":"Server is running at http://localhost:4000/graphql"}
{"level":"info","message":"Subscriptions ready at ws://localhost:4000/graphql"}
{"level":"info","message":"Connected to MongoDB"}
{"level":"info","message":"Server is running at http://localhost:4000/graphql"}
{"level":"info","message":"Subscriptions ready at ws://localhost:4000/graphql"}
{"level":"info","message":"Connected to MongoDB"}
{"level":"info","message":"Server is running at http://localhost:4000/graphql"}
{"level":"info","message":"Subscriptions ready at ws://localhost:4000/graphql"}
{"level":"info","message":"Connected to MongoDB"}
{"level":"info","message":"Server is running at http://localhost:4000/graphql"}
{"level":"info","message":"Subscriptions ready at ws://localhost:4000/graphql"}
{"level":"info","message":"Connected to MongoDB"}
{"level":"info","message":"Server is running at http://localhost:4000/graphql"}
{"level":"info","message":"Subscriptions ready at ws://localhost:4000/graphql"}
{"level":"info","message":"Connected to MongoDB"}
{"level":"info","message":"Server is running at http://localhost:4000/graphql"}
{"level":"info","message":"Subscriptions ready at ws://localhost:4000/graphql"}
{"level":"info","message":"Connected to MongoDB"}
{"level":"info","message":"Server is running at http://localhost:4000/graphql"}
{"level":"info","message":"Subscriptions ready at ws://localhost:4000/graphql"}
{"level":"info","message":"Connected to MongoDB"}
{"level":"info","message":"Server is running at http://localhost:4000/graphql"}
{"level":"info","message":"Subscriptions ready at ws://localhost:4000/graphql"}
{"level":"info","message":"User logged in: jcc@jcc"}
{"level":"info","message":"User logged in: jcc@jcc"}
{"level":"info","message":"Connected to MongoDB"}
{"level":"info","message":"Server is running at http://localhost:4000/graphql"}
{"level":"info","message":"Subscriptions ready at ws://localhost:4000/graphql"}
{"level":"info","message":"Connected to MongoDB"}
{"level":"info","message":"Server is running at http://localhost:4000/graphql"}
{"level":"info","message":"Subscriptions ready at ws://localhost:4000/graphql"}
{"level":"info","message":"S3 instance created."}
{"level":"info","message":"Connected to MongoDB"}
{"level":"info","message":"Server is running at http://localhost:4000/graphql"}
{"level":"info","message":"Subscriptions ready at ws://localhost:4000/graphql"}
{"level":"info","message":"S3 instance created."}
{"level":"info","message":"Connected to MongoDB"}
{"level":"info","message":"Server is running at http://localhost:4000/graphql"}
{"level":"info","message":"Subscriptions ready at ws://localhost:4000/graphql"}
{"level":"info","message":"S3 instance created."}
{"level":"info","message":"Connected to MongoDB"}
{"level":"info","message":"Server is running at http://localhost:4000/graphql"}
{"level":"info","message":"Subscriptions ready at ws://localhost:4000/graphql"}
{"level":"info","message":"S3 instance created."}
{"level":"info","message":"Connected to MongoDB"}
{"level":"info","message":"Server is running at http://localhost:4000/graphql"}
{"level":"info","message":"Subscriptions ready at ws://localhost:4000/graphql"}
{"level":"info","message":"S3 instance created."}
{"level":"info","message":"Connected to MongoDB"}
{"level":"info","message":"Server is running at http://localhost:4000/graphql"}
{"level":"info","message":"Subscriptions ready at ws://localhost:4000/graphql"}
{"level":"info","message":"S3 instance created."}
{"level":"info","message":"Connected to MongoDB"}
{"level":"info","message":"Server is running at http://localhost:4000/graphql"}
{"level":"info","message":"Subscriptions ready at ws://localhost:4000/graphql"}
{"level":"info","message":"S3 instance created."}
{"level":"info","message":"Connected to MongoDB"}
{"level":"info","message":"Server is running at http://localhost:4000/graphql"}
{"level":"info","message":"Subscriptions ready at ws://localhost:4000/graphql"}
{"level":"info","message":"S3 instance created."}
{"level":"info","message":"Connected to MongoDB"}
{"level":"info","message":"Server is running at http://localhost:4000/graphql"}
{"level":"info","message":"Subscriptions ready at ws://localhost:4000/graphql"}
{"level":"info","message":"S3 instance created."}
{"level":"info","message":"Connected to MongoDB"}
{"level":"info","message":"Server is running at http://localhost:4000/graphql"}
{"level":"info","message":"Subscriptions ready at ws://localhost:4000/graphql"}
{"level":"info","message":"S3 instance created."}
{"level":"info","message":"Connected to MongoDB"}
{"level":"info","message":"Server is running at http://localhost:4000/graphql"}
{"level":"info","message":"Subscriptions ready at ws://localhost:4000/graphql"}
{"level":"info","message":"S3 instance created."}
{"level":"info","message":"Connected to MongoDB"}
{"level":"info","message":"Server is running at http://localhost:4000/graphql"}
{"level":"info","message":"Subscriptions ready at ws://localhost:4000/graphql"}
{"level":"info","message":"S3 instance created."}
{"level":"info","message":"Connected to MongoDB"}
{"level":"info","message":"Server is running at http://localhost:4000/graphql"}
{"level":"info","message":"Subscriptions ready at ws://localhost:4000/graphql"}
{"level":"info","message":"S3 instance created."}
{"level":"info","message":"Connected to MongoDB"}
{"level":"info","message":"Server is running at http://localhost:4000/graphql"}
{"level":"info","message":"Subscriptions ready at ws://localhost:4000/graphql"}
{"level":"info","message":"S3 instance created."}
{"level":"info","message":"Connected to MongoDB"}
{"level":"info","message":"Server is running at http://localhost:4000/graphql"}
{"level":"info","message":"Subscriptions ready at ws://localhost:4000/graphql"}
{"level":"info","message":"S3 instance created."}
{"level":"info","message":"Connected to MongoDB"}
{"level":"info","message":"Server is running at http://localhost:4000/graphql"}
{"level":"info","message":"Subscriptions ready at ws://localhost:4000/graphql"}
{"level":"info","message":"S3 instance created."}
{"level":"info","message":"Connected to MongoDB"}
{"level":"info","message":"Server is running at http://localhost:4000/graphql"}
{"level":"info","message":"Subscriptions ready at ws://localhost:4000/graphql"}
{"level":"info","message":"S3 instance created."}
{"level":"info","message":"Connected to MongoDB"}
{"level":"info","message":"Server is running at http://localhost:4000/graphql"}
{"level":"info","message":"Subscriptions ready at ws://localhost:4000/graphql"}
{"level":"info","message":"S3 instance created."}
{"level":"info","message":"Connected to MongoDB"}
{"level":"info","message":"Server is running at http://localhost:4000/graphql"}
{"level":"info","message":"Subscriptions ready at ws://localhost:4000/graphql"}
{"level":"info","message":"S3 instance created."}
{"level":"info","message":"Connected to MongoDB"}
{"level":"info","message":"Server is running at http://localhost:4000/graphql"}
{"level":"info","message":"Subscriptions ready at ws://localhost:4000/graphql"}
{"level":"info","message":"S3 instance created."}
{"level":"info","message":"Connected to MongoDB"}
{"level":"info","message":"Server is running at http://localhost:4000/graphql"}
{"level":"info","message":"Subscriptions ready at ws://localhost:4000/graphql"}
{"level":"info","message":"S3 instance created."}
{"level":"info","message":"Connected to MongoDB"}
{"level":"info","message":"Server is running at http://localhost:4000/graphql"}
{"level":"info","message":"Subscriptions ready at ws://localhost:4000/graphql"}
{"level":"info","message":"S3 instance created."}
{"level":"info","message":"Connected to MongoDB"}
{"level":"info","message":"Server is running at http://localhost:4000/graphql"}
{"level":"info","message":"Subscriptions ready at ws://localhost:4000/graphql"}
{"level":"info","message":"S3 instance created."}
{"level":"info","message":"Connected to MongoDB"}
{"level":"info","message":"Server is running at http://localhost:4000/graphql"}
{"level":"info","message":"Subscriptions ready at ws://localhost:4000/graphql"}
{"level":"info","message":"S3 instance created."}
{"level":"info","message":"Connected to MongoDB"}
{"level":"info","message":"Server is running at http://localhost:4000/graphql"}
{"level":"info","message":"Subscriptions ready at ws://localhost:4000/graphql"}
{"level":"info","message":"S3 instance created."}
{"level":"info","message":"Connected to MongoDB"}
{"level":"info","message":"Connected to MongoDB"}
{"level":"info","message":"Server is running at http://localhost:4000/graphql"}
{"level":"info","message":"Subscriptions ready at ws://localhost:4000/graphql"}
{"level":"info","message":"S3 instance created."}
{"level":"info","message":"Connected to MongoDB"}
{"level":"info","message":"Connected to MongoDB"}
{"level":"info","message":"Server is running at http://localhost:4000/graphql"}
{"level":"info","message":"Subscriptions ready at ws://localhost:4000/graphql"}
{"level":"info","message":"S3 instance created."}
{"level":"info","message":"Connected to MongoDB"}
{"level":"info","message":"Connected to MongoDB"}
{"level":"info","message":"Server is running at http://localhost:4000/graphql"}
{"level":"info","message":"Subscriptions ready at ws://localhost:4000/graphql"}
{"level":"info","message":"S3 instance created."}
{"level":"info","message":"Connected to MongoDB"}
{"level":"info","message":"Connected to MongoDB"}
{"level":"info","message":"Server is running at http://localhost:4000/graphql"}
{"level":"info","message":"Subscriptions ready at ws://localhost:4000/graphql"}
{"level":"info","message":"User logged in: jcc@jcc"}
{"level":"info","message":"Calling getUserFromToken"}
{"level":"info","message":"Calling getUserFromToken"}
{"level":"info","message":"Calling getUserFromToken"}
{"level":"info","message":"Calling getUserFromToken"}
{"level":"info","message":"Contact requests fetched for user with id: 645433394979094d96aae4a1"}
{"level":"info","message":"User logged in: jcc@jcc"}
{"level":"info","message":"Calling getUserFromToken"}
{"level":"info","message":"Calling getUserFromToken"}
{"level":"info","message":"Calling getUserFromToken"}
{"level":"info","message":"Calling getUserFromToken"}
{"level":"info","message":"Contact requests fetched for user with id: 645433394979094d96aae4a1"}
{"level":"info","message":"User logged in: jcc@jcc"}
{"level":"info","message":"Calling getUserFromToken"}
{"level":"info","message":"Calling getUserFromToken"}
{"level":"info","message":"Calling getUserFromToken"}
{"level":"info","message":"Calling getUserFromToken"}
{"level":"info","message":"Contact requests fetched for user with id: 645433394979094d96aae4a1"}
{"level":"info","message":"User logged in: jcc@jcc"}
{"level":"info","message":"Calling getUserFromToken"}
{"level":"info","message":"Calling getUserFromToken"}
{"level":"info","message":"Calling getUserFromToken"}
{"level":"info","message":"Calling getUserFromToken"}
{"level":"info","message":"Contact requests fetched for user with id: 645433394979094d96aae4a1"}
{"level":"info","message":"User logged in: jcc@jcc"}
{"level":"info","message":"Calling getUserFromToken"}
{"level":"info","message":"Calling getUserFromToken"}
{"level":"info","message":"Calling getUserFromToken"}
{"level":"info","message":"Calling getUserFromToken"}
{"level":"info","message":"Contact requests fetched for user with id: 645433394979094d96aae4a1"}
{"level":"error","message":"Email format is incorrect. Please provide a valid email address"}
{"level":"info","message":"User created with id: 64c283f8b86c32b8036d1531"}
{"level":"info","message":"Calling getUserFromToken"}
{"level":"info","message":"Contact requests fetched for user with id: 64c283f8b86c32b8036d1531"}
{"level":"info","message":"Calling getUserFromToken"}
{"level":"info","message":"Contact request sent from 645433394979094d96aae4a1 to 645433394979094d96aae4a1"}
{"level":"info","message":"S3 instance created."}
{"level":"info","message":"Connected to MongoDB"}
{"level":"info","message":"Connected to MongoDB"}
{"level":"info","message":"Server is running at http://localhost:4000/graphql"}
{"level":"info","message":"Subscriptions ready at ws://localhost:4000/graphql"}
{"level":"info","message":"User logged in: jcc@jcc"}
{"level":"info","message":"Calling getUserFromToken"}
{"level":"info","message":"Calling getUserFromToken"}
{"level":"info","message":"Calling getUserFromToken"}
{"level":"info","message":"Calling getUserFromToken"}
{"level":"info","message":"Contact requests fetched for user with id: 645433394979094d96aae4a1"}
{"level":"info","message":"User logged in: jcc@jcc"}
{"level":"info","message":"Calling getUserFromToken"}
{"level":"info","message":"Calling getUserFromToken"}
{"level":"info","message":"Calling getUserFromToken"}
{"level":"info","message":"Calling getUserFromToken"}
{"level":"info","message":"Contact requests fetched for user with id: 645433394979094d96aae4a1"}
{"level":"info","message":"Calling getUserFromToken"}
{"level":"info","message":"Calling getUserFromToken"}
{"level":"info","message":"Contact requests fetched for user with id: 645433394979094d96aae4a1"}
{"level":"info","message":"S3 instance created."}
{"level":"info","message":"Connected to MongoDB"}
{"level":"info","message":"Connected to MongoDB"}
{"level":"info","message":"Server is running at http://localhost:4000/graphql"}
{"level":"info","message":"Subscriptions ready at ws://localhost:4000/graphql"}
{"level":"info","message":"User logged in: jcc@jcc"}
{"level":"info","message":"Calling getUserFromToken"}
{"level":"info","message":"Calling getUserFromToken"}
{"level":"info","message":"Calling getUserFromToken"}
{"level":"info","message":"Calling getUserFromToken"}
{"level":"info","message":"Contact requests fetched for user with id: 645433394979094d96aae4a1"}
{"level":"info","message":"S3 instance created."}
{"level":"info","message":"Connected to MongoDB"}
{"level":"info","message":"Connected to MongoDB"}
{"level":"info","message":"Server is running at http://localhost:4000/graphql"}
{"level":"info","message":"Subscriptions ready at ws://localhost:4000/graphql"}
{"level":"info","message":"S3 instance created."}
{"level":"info","message":"Connected to MongoDB"}
{"level":"info","message":"Connected to MongoDB"}
{"level":"info","message":"Server is running at http://localhost:4000/graphql"}
{"level":"info","message":"Subscriptions ready at ws://localhost:4000/graphql"}
{"level":"info","message":"S3 instance created."}
{"level":"info","message":"Connected to MongoDB"}
{"level":"info","message":"Connected to MongoDB"}
{"level":"info","message":"Server is running at http://localhost:4000/graphql"}
{"level":"info","message":"Subscriptions ready at ws://localhost:4000/graphql"}
{"level":"info","message":"S3 instance created."}
{"level":"info","message":"Connected to MongoDB"}
{"level":"info","message":"Connected to MongoDB"}
{"level":"info","message":"Server is running at http://localhost:4000/graphql"}
{"level":"info","message":"Subscriptions ready at ws://localhost:4000/graphql"}
{"level":"info","message":"User logged in: jcc@jcc"}
{"level":"info","message":"Calling getUserFromToken"}
{"level":"info","message":"Calling getUserFromToken"}
{"level":"info","message":"Calling getUserFromToken"}
{"level":"info","message":"Calling getUserFromToken"}
{"level":"info","message":"Contact requests fetched for user with id: 645433394979094d96aae4a1"}
{"level":"info","message":"User logged in: jcc@jcc"}
{"level":"info","message":"Calling getUserFromToken"}
{"level":"info","message":"Calling getUserFromToken"}
{"level":"info","message":"Calling getUserFromToken"}
{"level":"info","message":"Calling getUserFromToken"}
{"level":"info","message":"Contact requests fetched for user with id: 645433394979094d96aae4a1"}
{"level":"info","message":"Contact request sent from 645433394979094d96aae4a1 to 64c283f8b86c32b8036d1531"}
{"level":"info","message":"User logged in: abc@abc.com"}
{"level":"info","message":"Calling getUserFromToken"}
{"level":"info","message":"Calling getUserFromToken"}
{"level":"info","message":"Calling getUserFromToken"}
{"level":"info","message":"Contact requests fetched for user with id: 64c283f8b86c32b8036d1531"}
{"level":"info","message":"S3 instance created."}
{"level":"info","message":"Connected to MongoDB"}
{"level":"info","message":"Connected to MongoDB"}
{"level":"info","message":"Server is running at http://localhost:4000/graphql"}
{"level":"info","message":"Subscriptions ready at ws://localhost:4000/graphql"}
{"level":"info","message":"S3 instance created."}
{"level":"info","message":"Connected to MongoDB"}
{"level":"info","message":"Connected to MongoDB"}
{"level":"info","message":"Server is running at http://localhost:4000/graphql"}
{"level":"info","message":"Subscriptions ready at ws://localhost:4000/graphql"}
{"level":"info","message":"S3 instance created."}
{"level":"info","message":"Connected to MongoDB"}
{"level":"info","message":"Connected to MongoDB"}
{"level":"info","message":"Server is running at http://localhost:4000/graphql"}
{"level":"info","message":"Subscriptions ready at ws://localhost:4000/graphql"}
{"level":"info","message":"Calling getUserFromToken"}
{"level":"info","message":"Calling getUserFromToken"}
{"level":"info","message":"Contact requests fetched for user with id: 64c283f8b86c32b8036d1531"}
{"level":"info","message":"S3 instance created."}
{"level":"info","message":"Connected to MongoDB"}
{"level":"info","message":"Connected to MongoDB"}
{"level":"info","message":"Server is running at http://localhost:4000/graphql"}
{"level":"info","message":"Subscriptions ready at ws://localhost:4000/graphql"}
{"level":"info","message":"User logged in: abc@abc.com"}
{"level":"info","message":"Calling getUserFromToken"}
{"level":"info","message":"Calling getUserFromToken"}
{"level":"info","message":"Calling getUserFromToken"}
{"level":"info","message":"Calling getUserFromToken"}
{"level":"info","message":"Contact requests fetched for user with id: 64c283f8b86c32b8036d1531"}
{"level":"info","message":"User logged in: abc@abc.com"}
{"level":"info","message":"Calling getUserFromToken"}
{"level":"info","message":"Calling getUserFromToken"}
{"level":"info","message":"Calling getUserFromToken"}
{"level":"info","message":"Calling getUserFromToken"}
{"level":"info","message":"Contact requests fetched for user with id: 64c283f8b86c32b8036d1531"}
{"level":"info","message":"User logged in: abc@abc.com"}
{"level":"info","message":"Calling getUserFromToken"}
{"level":"info","message":"Calling getUserFromToken"}
{"level":"info","message":"Calling getUserFromToken"}
{"level":"info","message":"Contact requests fetched for user with id: 64c283f8b86c32b8036d1531"}
{"level":"info","message":"Calling getUserFromToken"}
{"expiredAt":"2023-05-08T14:30:46.000Z","level":"error","message":"Error in getUserFromToken jwt expired","name":"TokenExpiredError","stack":"TokenExpiredError: jwt expired\n    at F:\\jcc30986@gmail.com\\chat-app-sandbox\\chat-app\\backend\\node_modules\\jsonwebtoken\\verify.js:190:21\n    at getSecret (F:\\jcc30986@gmail.com\\chat-app-sandbox\\chat-app\\backend\\node_modules\\jsonwebtoken\\verify.js:97:14)\n    at Object.module.exports [as verify] (F:\\jcc30986@gmail.com\\chat-app-sandbox\\chat-app\\backend\\node_modules\\jsonwebtoken\\verify.js:101:10)\n    at getUserFromToken (F:\\jcc30986@gmail.com\\chat-app-sandbox\\chat-app\\backend\\src\\graphql\\resolvers\\utils\\utils.js:21:29)\n    at Object.acceptContactRequest (F:\\jcc30986@gmail.com\\chat-app-sandbox\\chat-app\\backend\\src\\graphql\\resolvers\\mutations\\acceptContactRequest.js:19:24)\n    at field.resolve (F:\\jcc30986@gmail.com\\chat-app-sandbox\\chat-app\\backend\\node_modules\\apollo-server-core\\dist\\utils\\schemaInstrumentation.js:56:26)\n    at resolveField (F:\\jcc30986@gmail.com\\chat-app-sandbox\\chat-app\\backend\\node_modules\\graphql\\execution\\execute.js:464:18)\n    at F:\\jcc30986@gmail.com\\chat-app-sandbox\\chat-app\\backend\\node_modules\\graphql\\execution\\execute.js:261:18\n    at F:\\jcc30986@gmail.com\\chat-app-sandbox\\chat-app\\backend\\node_modules\\graphql\\jsutils\\promiseReduce.js:23:10\n    at Array.reduce (<anonymous>)"}
{"level":"info","message":"User logged in: abc@abc.com"}
{"level":"info","message":"Calling getUserFromToken"}
{"expiredAt":"2023-05-08T14:30:46.000Z","level":"error","message":"Error in getUserFromToken jwt expired","name":"TokenExpiredError","stack":"TokenExpiredError: jwt expired\n    at F:\\jcc30986@gmail.com\\chat-app-sandbox\\chat-app\\backend\\node_modules\\jsonwebtoken\\verify.js:190:21\n    at getSecret (F:\\jcc30986@gmail.com\\chat-app-sandbox\\chat-app\\backend\\node_modules\\jsonwebtoken\\verify.js:97:14)\n    at Object.module.exports [as verify] (F:\\jcc30986@gmail.com\\chat-app-sandbox\\chat-app\\backend\\node_modules\\jsonwebtoken\\verify.js:101:10)\n    at getUserFromToken (F:\\jcc30986@gmail.com\\chat-app-sandbox\\chat-app\\backend\\src\\graphql\\resolvers\\utils\\utils.js:21:29)\n    at Object.acceptContactRequest (F:\\jcc30986@gmail.com\\chat-app-sandbox\\chat-app\\backend\\src\\graphql\\resolvers\\mutations\\acceptContactRequest.js:19:24)\n    at field.resolve (F:\\jcc30986@gmail.com\\chat-app-sandbox\\chat-app\\backend\\node_modules\\apollo-server-core\\dist\\utils\\schemaInstrumentation.js:56:26)\n    at resolveField (F:\\jcc30986@gmail.com\\chat-app-sandbox\\chat-app\\backend\\node_modules\\graphql\\execution\\execute.js:464:18)\n    at F:\\jcc30986@gmail.com\\chat-app-sandbox\\chat-app\\backend\\node_modules\\graphql\\execution\\execute.js:261:18\n    at F:\\jcc30986@gmail.com\\chat-app-sandbox\\chat-app\\backend\\node_modules\\graphql\\jsutils\\promiseReduce.js:23:10\n    at Array.reduce (<anonymous>)"}
{"level":"info","message":"Calling getUserFromToken"}
{"level":"info","message":"Contact requests fetched for user with id: 64c283f8b86c32b8036d1531"}
{"level":"info","message":"S3 instance created."}
{"level":"info","message":"Connected to MongoDB"}
{"level":"info","message":"Connected to MongoDB"}
{"level":"info","message":"Server is running at http://localhost:4000/graphql"}
{"level":"info","message":"Subscriptions ready at ws://localhost:4000/graphql"}
{"level":"info","message":"User logged in: abc@abc.com"}
{"level":"info","message":"User logged in: abc@abc.com"}
{"level":"info","message":"acceptContactRequest resolver"}
{"level":"info","message":"64c294e2e22194579dbdf2c8"}
{"level":"info","message":{"pubSub":{"ee":{"_events":{},"_eventsCount":0},"subIdCounter":0,"subscriptions":{}},"req":{"_body":true,"_consuming":true,"_dumped":false,"_events":{},"_eventsCount":1,"_parsedUrl":{"_raw":"/graphql","auth":null,"hash":null,"host":null,"hostname":null,"href":"/graphql","path":"/graphql","pathname":"/graphql","port":null,"protocol":null,"query":null,"search":null,"slashes":null},"_readableState":{"autoDestroy":true,"awaitDrainWriters":null,"buffer":{"head":null,"length":0,"tail":null},"closeEmitted":true,"closed":true,"constructed":true,"dataEmitted":true,"decoder":null,"defaultEncoding":"utf8","destroyed":true,"emitClose":true,"emittedReadable":false,"encoding":null,"endEmitted":true,"ended":true,"errorEmitted":false,"errored":null,"flowing":true,"highWaterMark":16384,"length":0,"multiAwaitDrain":false,"needReadable":false,"objectMode":false,"pipes":[],"readableListening":false,"reading":false,"readingMore":false,"resumeScheduled":false,"sync":false},"aborted":false,"baseUrl":"/graphql","body":{"operationName":"AcceptContactRequest","query":"mutation AcceptContactRequest($requestId: ID!) {\n  acceptContactRequest(requestId: $requestId) {\n    status\n    recipientId\n    senderId\n  }\n}","variables":{"email":"abc@abc.com","password":"abc123","requestId":"64c294e2e22194579dbdf2c8"}},"client":{"_events":{"close":[null,null],"end":[null,null]},"_eventsCount":8,"_hadError":false,"_host":null,"_httpMessage":{"_closed":false,"_contentLength":null,"_defaultKeepAlive":true,"_events":{},"_eventsCount":1,"_expect_continue":false,"_hasBody":true,"_header":null,"_headerSent":false,"_keepAliveTimeout":5000,"_last":false,"_removedConnection":false,"_removedContLen":false,"_removedTE":false,"_sent100":false,"_trailer":"","chunkedEncoding":false,"destroyed":false,"finished":false,"locals":{},"maxRequestsOnConnectionReached":false,"outputData":[],"outputSize":0,"req":"[Circular]","sendDate":true,"shouldKeepAlive":true,"socket":"[Circular]","useChunkedEncodingByDefault":true,"writable":true},"_parent":null,"_paused":false,"_pendingData":null,"_pendingEncoding":"","_readableState":{"autoDestroy":true,"awaitDrainWriters":null,"buffer":{"head":null,"length":0,"tail":null},"closeEmitted":false,"closed":false,"constructed":true,"dataEmitted":false,"decoder":null,"defaultEncoding":"utf8","destroyed":false,"emitClose":false,"emittedReadable":false,"encoding":null,"endEmitted":false,"ended":false,"errorEmitted":false,"errored":null,"flowing":true,"highWaterMark":16384,"length":0,"multiAwaitDrain":false,"needReadable":true,"objectMode":false,"pipes":[],"readableListening":false,"reading":true,"readingMore":false,"resumeScheduled":false,"sync":false},"_server":{"_connectionKey":"6::::4000","_connections":2,"_events":{},"_eventsCount":5,"_handle":{"reading":false},"_unref":false,"_usingWorkers":false,"_workers":[],"allowHalfOpen":true,"headersTimeout":60000,"httpAllowHalfOpen":false,"keepAlive":false,"keepAliveInitialDelay":0,"keepAliveTimeout":5000,"maxHeadersCount":null,"maxRequestsPerSocket":0,"noDelay":false,"pauseOnConnect":false,"requestTimeout":0,"timeout":0},"_sockname":null,"_writableState":{"afterWriteTickInfo":null,"allBuffers":true,"allNoop":true,"autoDestroy":true,"bufferProcessing":false,"buffered":[],"bufferedIndex":0,"closeEmitted":false,"closed":false,"constructed":true,"corked":0,"decodeStrings":false,"defaultEncoding":"utf8","destroyed":false,"emitClose":false,"ended":false,"ending":false,"errorEmitted":false,"errored":null,"finalCalled":false,"finished":false,"highWaterMark":16384,"length":0,"needDrain":false,"objectMode":false,"pendingcb":0,"prefinished":false,"sync":false,"writecb":null,"writelen":0,"writing":false},"allowHalfOpen":true,"connecting":false,"parser":{"_consumed":true,"_headers":[],"_url":"","incoming":"[Circular]","maxHeaderPairs":2000,"outgoing":null,"socket":"[Circular]"},"server":{"_connectionKey":"6::::4000","_connections":2,"_events":{},"_eventsCount":5,"_handle":{"reading":false},"_unref":false,"_usingWorkers":false,"_workers":[],"allowHalfOpen":true,"headersTimeout":60000,"httpAllowHalfOpen":false,"keepAlive":false,"keepAliveInitialDelay":0,"keepAliveTimeout":5000,"maxHeadersCount":null,"maxRequestsPerSocket":0,"noDelay":false,"pauseOnConnect":false,"requestTimeout":0,"timeout":0},"timeout":0},"complete":true,"cookies":{},"httpVersion":"1.1","httpVersionMajor":1,"httpVersionMinor":1,"method":"POST","originalUrl":"/graphql","params":{},"query":{},"rawHeaders":["Host","localhost:4000","Connection","keep-alive","Content-Length","294","sec-ch-ua","\"Not/A)Brand\";v=\"99\", \"Google Chrome\";v=\"115\", \"Chromium\";v=\"115\"","content-type","application/json","DNT","1","sec-ch-ua-mobile","?0","Authorization","Bearer eyJhbGciOiJIUzI1NiIsInR5cCI6IkpXVCJ9.eyJpZCI6IjY0NTQzMzM5NDk3OTA5NGQ5NmFhZTRhMSIsImVtYWlsIjoiamNjQGpjYyIsImlhdCI6MTY4MzU1MjY0NiwiZXhwIjoxNjgzNTU2MjQ2fQ.a3LBOttdEKqmiFUBGcSsYnRkm9Ra1oTga8JBjPfz41s","User-Agent","Mozilla/5.0 (Windows NT 10.0; Win64; x64) AppleWebKit/537.36 (KHTML, like Gecko) Chrome/115.0.0.0 Safari/537.36","sec-ch-ua-platform","\"Windows\"","Accept","*/*","Origin","https://studio.apollographql.com","Sec-Fetch-Site","cross-site","Sec-Fetch-Mode","cors","Sec-Fetch-Dest","empty","Accept-Encoding","gzip, deflate, br","Accept-Language","en-US,en;q=0.9"],"rawTrailers":[],"res":{"_closed":false,"_contentLength":null,"_defaultKeepAlive":true,"_events":{},"_eventsCount":1,"_expect_continue":false,"_hasBody":true,"_header":null,"_headerSent":false,"_keepAliveTimeout":5000,"_last":false,"_removedConnection":false,"_removedContLen":false,"_removedTE":false,"_sent100":false,"_trailer":"","chunkedEncoding":false,"destroyed":false,"finished":false,"locals":{},"maxRequestsOnConnectionReached":false,"outputData":[],"outputSize":0,"req":"[Circular]","sendDate":true,"shouldKeepAlive":true,"socket":{"_events":{"close":[null,null],"end":[null,null]},"_eventsCount":8,"_hadError":false,"_host":null,"_httpMessage":"[Circular]","_parent":null,"_paused":false,"_pendingData":null,"_pendingEncoding":"","_readableState":{"autoDestroy":true,"awaitDrainWriters":null,"buffer":{"head":null,"length":0,"tail":null},"closeEmitted":false,"closed":false,"constructed":true,"dataEmitted":false,"decoder":null,"defaultEncoding":"utf8","destroyed":false,"emitClose":false,"emittedReadable":false,"encoding":null,"endEmitted":false,"ended":false,"errorEmitted":false,"errored":null,"flowing":true,"highWaterMark":16384,"length":0,"multiAwaitDrain":false,"needReadable":true,"objectMode":false,"pipes":[],"readableListening":false,"reading":true,"readingMore":false,"resumeScheduled":false,"sync":false},"_server":{"_connectionKey":"6::::4000","_connections":2,"_events":{},"_eventsCount":5,"_handle":{"reading":false},"_unref":false,"_usingWorkers":false,"_workers":[],"allowHalfOpen":true,"headersTimeout":60000,"httpAllowHalfOpen":false,"keepAlive":false,"keepAliveInitialDelay":0,"keepAliveTimeout":5000,"maxHeadersCount":null,"maxRequestsPerSocket":0,"noDelay":false,"pauseOnConnect":false,"requestTimeout":0,"timeout":0},"_sockname":null,"_writableState":{"afterWriteTickInfo":null,"allBuffers":true,"allNoop":true,"autoDestroy":true,"bufferProcessing":false,"buffered":[],"bufferedIndex":0,"closeEmitted":false,"closed":false,"constructed":true,"corked":0,"decodeStrings":false,"defaultEncoding":"utf8","destroyed":false,"emitClose":false,"ended":false,"ending":false,"errorEmitted":false,"errored":null,"finalCalled":false,"finished":false,"highWaterMark":16384,"length":0,"needDrain":false,"objectMode":false,"pendingcb":0,"prefinished":false,"sync":false,"writecb":null,"writelen":0,"writing":false},"allowHalfOpen":true,"connecting":false,"parser":{"_consumed":true,"_headers":[],"_url":"","incoming":"[Circular]","maxHeaderPairs":2000,"outgoing":null,"socket":"[Circular]"},"server":{"_connectionKey":"6::::4000","_connections":2,"_events":{},"_eventsCount":5,"_handle":{"reading":false},"_unref":false,"_usingWorkers":false,"_workers":[],"allowHalfOpen":true,"headersTimeout":60000,"httpAllowHalfOpen":false,"keepAlive":false,"keepAliveInitialDelay":0,"keepAliveTimeout":5000,"maxHeadersCount":null,"maxRequestsPerSocket":0,"noDelay":false,"pauseOnConnect":false,"requestTimeout":0,"timeout":0},"timeout":0},"useChunkedEncodingByDefault":true,"writable":true},"signedCookies":{},"socket":{"_events":{"close":[null,null],"end":[null,null]},"_eventsCount":8,"_hadError":false,"_host":null,"_httpMessage":{"_closed":false,"_contentLength":null,"_defaultKeepAlive":true,"_events":{},"_eventsCount":1,"_expect_continue":false,"_hasBody":true,"_header":null,"_headerSent":false,"_keepAliveTimeout":5000,"_last":false,"_removedConnection":false,"_removedContLen":false,"_removedTE":false,"_sent100":false,"_trailer":"","chunkedEncoding":false,"destroyed":false,"finished":false,"locals":{},"maxRequestsOnConnectionReached":false,"outputData":[],"outputSize":0,"req":"[Circular]","sendDate":true,"shouldKeepAlive":true,"socket":"[Circular]","useChunkedEncodingByDefault":true,"writable":true},"_parent":null,"_paused":false,"_pendingData":null,"_pendingEncoding":"","_readableState":{"autoDestroy":true,"awaitDrainWriters":null,"buffer":{"head":null,"length":0,"tail":null},"closeEmitted":false,"closed":false,"constructed":true,"dataEmitted":false,"decoder":null,"defaultEncoding":"utf8","destroyed":false,"emitClose":false,"emittedReadable":false,"encoding":null,"endEmitted":false,"ended":false,"errorEmitted":false,"errored":null,"flowing":true,"highWaterMark":16384,"length":0,"multiAwaitDrain":false,"needReadable":true,"objectMode":false,"pipes":[],"readableListening":false,"reading":true,"readingMore":false,"resumeScheduled":false,"sync":false},"_server":{"_connectionKey":"6::::4000","_connections":2,"_events":{},"_eventsCount":5,"_handle":{"reading":false},"_unref":false,"_usingWorkers":false,"_workers":[],"allowHalfOpen":true,"headersTimeout":60000,"httpAllowHalfOpen":false,"keepAlive":false,"keepAliveInitialDelay":0,"keepAliveTimeout":5000,"maxHeadersCount":null,"maxRequestsPerSocket":0,"noDelay":false,"pauseOnConnect":false,"requestTimeout":0,"timeout":0},"_sockname":null,"_writableState":{"afterWriteTickInfo":null,"allBuffers":true,"allNoop":true,"autoDestroy":true,"bufferProcessing":false,"buffered":[],"bufferedIndex":0,"closeEmitted":false,"closed":false,"constructed":true,"corked":0,"decodeStrings":false,"defaultEncoding":"utf8","destroyed":false,"emitClose":false,"ended":false,"ending":false,"errorEmitted":false,"errored":null,"finalCalled":false,"finished":false,"highWaterMark":16384,"length":0,"needDrain":false,"objectMode":false,"pendingcb":0,"prefinished":false,"sync":false,"writecb":null,"writelen":0,"writing":false},"allowHalfOpen":true,"connecting":false,"parser":{"_consumed":true,"_headers":[],"_url":"","incoming":"[Circular]","maxHeaderPairs":2000,"outgoing":null,"socket":"[Circular]"},"server":{"_connectionKey":"6::::4000","_connections":2,"_events":{},"_eventsCount":5,"_handle":{"reading":false},"_unref":false,"_usingWorkers":false,"_workers":[],"allowHalfOpen":true,"headersTimeout":60000,"httpAllowHalfOpen":false,"keepAlive":false,"keepAliveInitialDelay":0,"keepAliveTimeout":5000,"maxHeadersCount":null,"maxRequestsPerSocket":0,"noDelay":false,"pauseOnConnect":false,"requestTimeout":0,"timeout":0},"timeout":0},"statusCode":null,"statusMessage":null,"upgrade":false,"url":"/"},"token":"Bearer eyJhbGciOiJIUzI1NiIsInR5cCI6IkpXVCJ9.eyJpZCI6IjY0NTQzMzM5NDk3OTA5NGQ5NmFhZTRhMSIsImVtYWlsIjoiamNjQGpjYyIsImlhdCI6MTY4MzU1MjY0NiwiZXhwIjoxNjgzNTU2MjQ2fQ.a3LBOttdEKqmiFUBGcSsYnRkm9Ra1oTga8JBjPfz41s"}}
{"level":"info","message":"Calling getUserFromToken"}
{"expiredAt":"2023-05-08T14:30:46.000Z","level":"error","message":"Error in getUserFromToken jwt expired","name":"TokenExpiredError","stack":"TokenExpiredError: jwt expired\n    at F:\\jcc30986@gmail.com\\chat-app-sandbox\\chat-app\\backend\\node_modules\\jsonwebtoken\\verify.js:190:21\n    at getSecret (F:\\jcc30986@gmail.com\\chat-app-sandbox\\chat-app\\backend\\node_modules\\jsonwebtoken\\verify.js:97:14)\n    at Object.module.exports [as verify] (F:\\jcc30986@gmail.com\\chat-app-sandbox\\chat-app\\backend\\node_modules\\jsonwebtoken\\verify.js:101:10)\n    at getUserFromToken (F:\\jcc30986@gmail.com\\chat-app-sandbox\\chat-app\\backend\\src\\graphql\\resolvers\\utils\\utils.js:21:29)\n    at Object.acceptContactRequest (F:\\jcc30986@gmail.com\\chat-app-sandbox\\chat-app\\backend\\src\\graphql\\resolvers\\mutations\\acceptContactRequest.js:25:24)\n    at field.resolve (F:\\jcc30986@gmail.com\\chat-app-sandbox\\chat-app\\backend\\node_modules\\apollo-server-core\\dist\\utils\\schemaInstrumentation.js:56:26)\n    at resolveField (F:\\jcc30986@gmail.com\\chat-app-sandbox\\chat-app\\backend\\node_modules\\graphql\\execution\\execute.js:464:18)\n    at F:\\jcc30986@gmail.com\\chat-app-sandbox\\chat-app\\backend\\node_modules\\graphql\\execution\\execute.js:261:18\n    at F:\\jcc30986@gmail.com\\chat-app-sandbox\\chat-app\\backend\\node_modules\\graphql\\jsutils\\promiseReduce.js:23:10\n    at Array.reduce (<anonymous>)"}
{"level":"info","message":"acceptContactRequest resolver"}
{"level":"info","message":"64c294e2e22194579dbdf2c8"}
{"level":"info","message":{"pubSub":{"ee":{"_events":{},"_eventsCount":0},"subIdCounter":0,"subscriptions":{}},"req":{"_body":true,"_consuming":true,"_dumped":false,"_events":{},"_eventsCount":1,"_parsedUrl":{"_raw":"/graphql","auth":null,"hash":null,"host":null,"hostname":null,"href":"/graphql","path":"/graphql","pathname":"/graphql","port":null,"protocol":null,"query":null,"search":null,"slashes":null},"_readableState":{"autoDestroy":true,"awaitDrainWriters":null,"buffer":{"head":null,"length":0,"tail":null},"closeEmitted":true,"closed":true,"constructed":true,"dataEmitted":true,"decoder":null,"defaultEncoding":"utf8","destroyed":true,"emitClose":true,"emittedReadable":false,"encoding":null,"endEmitted":true,"ended":true,"errorEmitted":false,"errored":null,"flowing":true,"highWaterMark":16384,"length":0,"multiAwaitDrain":false,"needReadable":false,"objectMode":false,"pipes":[],"readableListening":false,"reading":false,"readingMore":false,"resumeScheduled":false,"sync":false},"aborted":false,"baseUrl":"/graphql","body":{"operationName":"AcceptContactRequest","query":"mutation AcceptContactRequest($requestId: ID!) {\n  acceptContactRequest(requestId: $requestId) {\n    status\n    recipientId\n    senderId\n  }\n}","variables":{"email":"abc@abc.com","password":"abc123","requestId":"64c294e2e22194579dbdf2c8"}},"client":{"_events":{"close":[null,null],"end":[null,null]},"_eventsCount":8,"_hadError":false,"_host":null,"_httpMessage":{"_closed":false,"_contentLength":null,"_defaultKeepAlive":true,"_events":{},"_eventsCount":1,"_expect_continue":false,"_hasBody":true,"_header":null,"_headerSent":false,"_keepAliveTimeout":5000,"_last":false,"_removedConnection":false,"_removedContLen":false,"_removedTE":false,"_sent100":false,"_trailer":"","chunkedEncoding":false,"destroyed":false,"finished":false,"locals":{},"maxRequestsOnConnectionReached":false,"outputData":[],"outputSize":0,"req":"[Circular]","sendDate":true,"shouldKeepAlive":true,"socket":"[Circular]","useChunkedEncodingByDefault":true,"writable":true},"_parent":null,"_paused":false,"_pendingData":null,"_pendingEncoding":"","_readableState":{"autoDestroy":true,"awaitDrainWriters":null,"buffer":{"head":null,"length":0,"tail":null},"closeEmitted":false,"closed":false,"constructed":true,"dataEmitted":false,"decoder":null,"defaultEncoding":"utf8","destroyed":false,"emitClose":false,"emittedReadable":false,"encoding":null,"endEmitted":false,"ended":false,"errorEmitted":false,"errored":null,"flowing":true,"highWaterMark":16384,"length":0,"multiAwaitDrain":false,"needReadable":true,"objectMode":false,"pipes":[],"readableListening":false,"reading":true,"readingMore":false,"resumeScheduled":false,"sync":false},"_server":{"_connectionKey":"6::::4000","_connections":2,"_events":{},"_eventsCount":5,"_handle":{"reading":false},"_unref":false,"_usingWorkers":false,"_workers":[],"allowHalfOpen":true,"headersTimeout":60000,"httpAllowHalfOpen":false,"keepAlive":false,"keepAliveInitialDelay":0,"keepAliveTimeout":5000,"maxHeadersCount":null,"maxRequestsPerSocket":0,"noDelay":false,"pauseOnConnect":false,"requestTimeout":0,"timeout":0},"_sockname":null,"_writableState":{"afterWriteTickInfo":null,"allBuffers":true,"allNoop":true,"autoDestroy":true,"bufferProcessing":false,"buffered":[],"bufferedIndex":0,"closeEmitted":false,"closed":false,"constructed":true,"corked":0,"decodeStrings":false,"defaultEncoding":"utf8","destroyed":false,"emitClose":false,"ended":false,"ending":false,"errorEmitted":false,"errored":null,"finalCalled":false,"finished":false,"highWaterMark":16384,"length":0,"needDrain":false,"objectMode":false,"pendingcb":0,"prefinished":false,"sync":false,"writecb":null,"writelen":0,"writing":false},"allowHalfOpen":true,"connecting":false,"parser":{"_consumed":true,"_headers":[],"_url":"","incoming":"[Circular]","maxHeaderPairs":2000,"outgoing":null,"socket":"[Circular]"},"server":{"_connectionKey":"6::::4000","_connections":2,"_events":{},"_eventsCount":5,"_handle":{"reading":false},"_unref":false,"_usingWorkers":false,"_workers":[],"allowHalfOpen":true,"headersTimeout":60000,"httpAllowHalfOpen":false,"keepAlive":false,"keepAliveInitialDelay":0,"keepAliveTimeout":5000,"maxHeadersCount":null,"maxRequestsPerSocket":0,"noDelay":false,"pauseOnConnect":false,"requestTimeout":0,"timeout":0},"timeout":0},"complete":true,"cookies":{},"httpVersion":"1.1","httpVersionMajor":1,"httpVersionMinor":1,"method":"POST","originalUrl":"/graphql","params":{},"query":{},"rawHeaders":["Host","localhost:4000","Connection","keep-alive","Content-Length","294","sec-ch-ua","\"Not/A)Brand\";v=\"99\", \"Google Chrome\";v=\"115\", \"Chromium\";v=\"115\"","content-type","application/json","DNT","1","sec-ch-ua-mobile","?0","Authorization","Bearer eyJhbGciOiJIUzI1NiIsInR5cCI6IkpXVCJ9.eyJpZCI6IjY0YzI4M2Y4Yjg2YzMyYjgwMzZkMTUzMSIsImVtYWlsIjoiYWJjQGFiYy5jb20iLCJpYXQiOjE2OTA0NzkyMDMsImV4cCI6MTY5MDQ4MjgwM30.NYY2-my1mM5zwS4WY9U1r1MqqcKT0K9JHoFd1eIhac8","User-Agent","Mozilla/5.0 (Windows NT 10.0; Win64; x64) AppleWebKit/537.36 (KHTML, like Gecko) Chrome/115.0.0.0 Safari/537.36","sec-ch-ua-platform","\"Windows\"","Accept","*/*","Origin","https://studio.apollographql.com","Sec-Fetch-Site","cross-site","Sec-Fetch-Mode","cors","Sec-Fetch-Dest","empty","Accept-Encoding","gzip, deflate, br","Accept-Language","en-US,en;q=0.9"],"rawTrailers":[],"res":{"_closed":false,"_contentLength":null,"_defaultKeepAlive":true,"_events":{},"_eventsCount":1,"_expect_continue":false,"_hasBody":true,"_header":null,"_headerSent":false,"_keepAliveTimeout":5000,"_last":false,"_removedConnection":false,"_removedContLen":false,"_removedTE":false,"_sent100":false,"_trailer":"","chunkedEncoding":false,"destroyed":false,"finished":false,"locals":{},"maxRequestsOnConnectionReached":false,"outputData":[],"outputSize":0,"req":"[Circular]","sendDate":true,"shouldKeepAlive":true,"socket":{"_events":{"close":[null,null],"end":[null,null]},"_eventsCount":8,"_hadError":false,"_host":null,"_httpMessage":"[Circular]","_parent":null,"_paused":false,"_pendingData":null,"_pendingEncoding":"","_readableState":{"autoDestroy":true,"awaitDrainWriters":null,"buffer":{"head":null,"length":0,"tail":null},"closeEmitted":false,"closed":false,"constructed":true,"dataEmitted":false,"decoder":null,"defaultEncoding":"utf8","destroyed":false,"emitClose":false,"emittedReadable":false,"encoding":null,"endEmitted":false,"ended":false,"errorEmitted":false,"errored":null,"flowing":true,"highWaterMark":16384,"length":0,"multiAwaitDrain":false,"needReadable":true,"objectMode":false,"pipes":[],"readableListening":false,"reading":true,"readingMore":false,"resumeScheduled":false,"sync":false},"_server":{"_connectionKey":"6::::4000","_connections":2,"_events":{},"_eventsCount":5,"_handle":{"reading":false},"_unref":false,"_usingWorkers":false,"_workers":[],"allowHalfOpen":true,"headersTimeout":60000,"httpAllowHalfOpen":false,"keepAlive":false,"keepAliveInitialDelay":0,"keepAliveTimeout":5000,"maxHeadersCount":null,"maxRequestsPerSocket":0,"noDelay":false,"pauseOnConnect":false,"requestTimeout":0,"timeout":0},"_sockname":null,"_writableState":{"afterWriteTickInfo":null,"allBuffers":true,"allNoop":true,"autoDestroy":true,"bufferProcessing":false,"buffered":[],"bufferedIndex":0,"closeEmitted":false,"closed":false,"constructed":true,"corked":0,"decodeStrings":false,"defaultEncoding":"utf8","destroyed":false,"emitClose":false,"ended":false,"ending":false,"errorEmitted":false,"errored":null,"finalCalled":false,"finished":false,"highWaterMark":16384,"length":0,"needDrain":false,"objectMode":false,"pendingcb":0,"prefinished":false,"sync":false,"writecb":null,"writelen":0,"writing":false},"allowHalfOpen":true,"connecting":false,"parser":{"_consumed":true,"_headers":[],"_url":"","incoming":"[Circular]","maxHeaderPairs":2000,"outgoing":null,"socket":"[Circular]"},"server":{"_connectionKey":"6::::4000","_connections":2,"_events":{},"_eventsCount":5,"_handle":{"reading":false},"_unref":false,"_usingWorkers":false,"_workers":[],"allowHalfOpen":true,"headersTimeout":60000,"httpAllowHalfOpen":false,"keepAlive":false,"keepAliveInitialDelay":0,"keepAliveTimeout":5000,"maxHeadersCount":null,"maxRequestsPerSocket":0,"noDelay":false,"pauseOnConnect":false,"requestTimeout":0,"timeout":0},"timeout":0},"useChunkedEncodingByDefault":true,"writable":true},"signedCookies":{},"socket":{"_events":{"close":[null,null],"end":[null,null]},"_eventsCount":8,"_hadError":false,"_host":null,"_httpMessage":{"_closed":false,"_contentLength":null,"_defaultKeepAlive":true,"_events":{},"_eventsCount":1,"_expect_continue":false,"_hasBody":true,"_header":null,"_headerSent":false,"_keepAliveTimeout":5000,"_last":false,"_removedConnection":false,"_removedContLen":false,"_removedTE":false,"_sent100":false,"_trailer":"","chunkedEncoding":false,"destroyed":false,"finished":false,"locals":{},"maxRequestsOnConnectionReached":false,"outputData":[],"outputSize":0,"req":"[Circular]","sendDate":true,"shouldKeepAlive":true,"socket":"[Circular]","useChunkedEncodingByDefault":true,"writable":true},"_parent":null,"_paused":false,"_pendingData":null,"_pendingEncoding":"","_readableState":{"autoDestroy":true,"awaitDrainWriters":null,"buffer":{"head":null,"length":0,"tail":null},"closeEmitted":false,"closed":false,"constructed":true,"dataEmitted":false,"decoder":null,"defaultEncoding":"utf8","destroyed":false,"emitClose":false,"emittedReadable":false,"encoding":null,"endEmitted":false,"ended":false,"errorEmitted":false,"errored":null,"flowing":true,"highWaterMark":16384,"length":0,"multiAwaitDrain":false,"needReadable":true,"objectMode":false,"pipes":[],"readableListening":false,"reading":true,"readingMore":false,"resumeScheduled":false,"sync":false},"_server":{"_connectionKey":"6::::4000","_connections":2,"_events":{},"_eventsCount":5,"_handle":{"reading":false},"_unref":false,"_usingWorkers":false,"_workers":[],"allowHalfOpen":true,"headersTimeout":60000,"httpAllowHalfOpen":false,"keepAlive":false,"keepAliveInitialDelay":0,"keepAliveTimeout":5000,"maxHeadersCount":null,"maxRequestsPerSocket":0,"noDelay":false,"pauseOnConnect":false,"requestTimeout":0,"timeout":0},"_sockname":null,"_writableState":{"afterWriteTickInfo":null,"allBuffers":true,"allNoop":true,"autoDestroy":true,"bufferProcessing":false,"buffered":[],"bufferedIndex":0,"closeEmitted":false,"closed":false,"constructed":true,"corked":0,"decodeStrings":false,"defaultEncoding":"utf8","destroyed":false,"emitClose":false,"ended":false,"ending":false,"errorEmitted":false,"errored":null,"finalCalled":false,"finished":false,"highWaterMark":16384,"length":0,"needDrain":false,"objectMode":false,"pendingcb":0,"prefinished":false,"sync":false,"writecb":null,"writelen":0,"writing":false},"allowHalfOpen":true,"connecting":false,"parser":{"_consumed":true,"_headers":[],"_url":"","incoming":"[Circular]","maxHeaderPairs":2000,"outgoing":null,"socket":"[Circular]"},"server":{"_connectionKey":"6::::4000","_connections":2,"_events":{},"_eventsCount":5,"_handle":{"reading":false},"_unref":false,"_usingWorkers":false,"_workers":[],"allowHalfOpen":true,"headersTimeout":60000,"httpAllowHalfOpen":false,"keepAlive":false,"keepAliveInitialDelay":0,"keepAliveTimeout":5000,"maxHeadersCount":null,"maxRequestsPerSocket":0,"noDelay":false,"pauseOnConnect":false,"requestTimeout":0,"timeout":0},"timeout":0},"statusCode":null,"statusMessage":null,"upgrade":false,"url":"/"},"token":"Bearer eyJhbGciOiJIUzI1NiIsInR5cCI6IkpXVCJ9.eyJpZCI6IjY0YzI4M2Y4Yjg2YzMyYjgwMzZkMTUzMSIsImVtYWlsIjoiYWJjQGFiYy5jb20iLCJpYXQiOjE2OTA0NzkyMDMsImV4cCI6MTY5MDQ4MjgwM30.NYY2-my1mM5zwS4WY9U1r1MqqcKT0K9JHoFd1eIhac8"}}
{"level":"info","message":"Calling getUserFromToken"}
{"level":"info","message":"arrayLimit: val: 645433394979094d96aae4a1,64c283f8b86c32b8036d1531"}
{"level":"info","message":"S3 instance created."}
{"level":"info","message":"Connected to MongoDB"}
{"level":"info","message":"Connected to MongoDB"}
{"level":"info","message":"Server is running at http://localhost:4000/graphql"}
{"level":"info","message":"Subscriptions ready at ws://localhost:4000/graphql"}
{"level":"info","message":"User logged in: abc@abc.com"}
{"level":"info","message":"Calling getUserFromToken"}
{"level":"info","message":"Calling getUserFromToken"}
{"level":"info","message":"Calling getUserFromToken"}
{"level":"info","message":"Calling getUserFromToken"}
{"level":"info","message":"Contact requests fetched for user with id: 64c283f8b86c32b8036d1531"}
{"level":"info","message":"Contact request sent from 64c283f8b86c32b8036d1531 to 645433394979094d96aae4a1"}
{"level":"info","message":"User logged in: jcc@jcc.com"}
{"level":"info","message":"Calling getUserFromToken"}
{"level":"info","message":"Calling getUserFromToken"}
{"level":"info","message":"Calling getUserFromToken"}
{"level":"info","message":"Contact requests fetched for user with id: 645433394979094d96aae4a1"}
{"level":"info","message":"User logged in: jcc@jcc.com"}
{"level":"info","message":"Calling getUserFromToken"}
{"level":"info","message":"Calling getUserFromToken"}
{"level":"info","message":"Calling getUserFromToken"}
{"level":"info","message":"Contact requests fetched for user with id: 645433394979094d96aae4a1"}
{"level":"info","message":"User logged in: jcc@jcc.com"}
{"level":"info","message":"Calling getUserFromToken"}
{"level":"info","message":"Calling getUserFromToken"}
{"level":"info","message":"Calling getUserFromToken"}
{"level":"info","message":"Contact requests fetched for user with id: 645433394979094d96aae4a1"}
{"level":"info","message":"Contact request sent from 645433394979094d96aae4a1 to 64596c422157a93c48c27317"}
{"level":"info","message":"User logged in: lcr@lcr"}
{"level":"info","message":"Calling getUserFromToken"}
{"level":"info","message":"Calling getUserFromToken"}
{"level":"info","message":"Calling getUserFromToken"}
{"level":"info","message":"Contact requests fetched for user with id: 64596c422157a93c48c27317"}
{"level":"info","message":"User logged in: lcr@lcr"}
{"level":"info","message":"Calling getUserFromToken"}
{"level":"info","message":"Calling getUserFromToken"}
{"level":"info","message":"Calling getUserFromToken"}
{"level":"info","message":"Calling getUserFromToken"}
{"level":"info","message":"Contact requests fetched for user with id: 64596c422157a93c48c27317"}
{"level":"info","message":"Calling getUserFromToken"}
{"level":"info","message":"Contact request rejected: 64c2acd723a28cbe1c3fc5b7"}
{"level":"info","message":"Calling getUserFromToken"}
{"level":"info","message":"Contact requests fetched for user with id: 64596c422157a93c48c27317"}
{"level":"info","message":"User logged in: lcr@lcr"}
{"level":"info","message":"Calling getUserFromToken"}
{"level":"info","message":"Calling getUserFromToken"}
{"level":"info","message":"Calling getUserFromToken"}
{"level":"info","message":"Calling getUserFromToken"}
{"level":"info","message":"Contact requests fetched for user with id: 64596c422157a93c48c27317"}
{"level":"info","message":"S3 instance created."}
{"level":"info","message":"Connected to MongoDB"}
{"level":"info","message":"Connected to MongoDB"}
{"level":"info","message":"Server is running at http://localhost:4000/graphql"}
{"level":"info","message":"Subscriptions ready at ws://localhost:4000/graphql"}
{"level":"info","message":"S3 instance created."}
{"level":"info","message":"Connected to MongoDB"}
{"level":"info","message":"Connected to MongoDB"}
{"level":"info","message":"Server is running at http://localhost:4000/graphql"}
{"level":"info","message":"Subscriptions ready at ws://localhost:4000/graphql"}
{"level":"info","message":"S3 instance created."}
{"level":"info","message":"Connected to MongoDB"}
{"level":"info","message":"Connected to MongoDB"}
{"level":"info","message":"Server is running at http://localhost:4000/graphql"}
{"level":"info","message":"Subscriptions ready at ws://localhost:4000/graphql"}
{"level":"info","message":"User logged in: lcr@lcr"}
{"level":"info","message":"Calling getUserFromToken"}
{"level":"info","message":"Calling getUserFromToken"}
{"level":"info","message":"Calling getUserFromToken"}
{"level":"info","message":"Calling getUserFromToken"}
{"level":"info","message":"Contact requests fetched for user with id: 64596c422157a93c48c27317"}
{"level":"info","message":"Calling getUserFromToken"}
{"level":"info","message":"Calling getUserFromToken"}
{"level":"info","message":"Calling getUserFromToken"}
{"level":"info","message":"Contact requests fetched for user with id: 64596c422157a93c48c27317"}
{"level":"info","message":"S3 instance created."}
{"level":"info","message":"Connected to MongoDB"}
{"level":"info","message":"Connected to MongoDB"}
{"level":"info","message":"Server is running at http://localhost:4000/graphql"}
{"level":"info","message":"Subscriptions ready at ws://localhost:4000/graphql"}
{"level":"info","message":"User logged in: lcr@lcr"}
{"level":"info","message":"Calling getUserFromToken"}
{"level":"info","message":"Calling getUserFromToken"}
{"level":"info","message":"Calling getUserFromToken"}
{"level":"info","message":"Calling getUserFromToken"}
{"level":"info","message":"Calling getUserFromToken"}
{"level":"info","message":"Contact requests fetched for user with id: 64596c422157a93c48c27317"}
{"level":"info","message":"S3 instance created."}
{"level":"info","message":"Connected to MongoDB"}
{"level":"info","message":"Connected to MongoDB"}
{"level":"info","message":"Server is running at http://localhost:4000/graphql"}
{"level":"info","message":"Subscriptions ready at ws://localhost:4000/graphql"}
{"level":"info","message":"S3 instance created."}
{"level":"info","message":"Connected to MongoDB"}
{"level":"info","message":"Connected to MongoDB"}
{"level":"info","message":"Server is running at http://localhost:4000/graphql"}
{"level":"info","message":"Subscriptions ready at ws://localhost:4000/graphql"}
{"level":"info","message":"User logged in: lcr@lcr"}
{"level":"info","message":"Calling getUserFromToken"}
{"level":"info","message":"Calling getUserFromToken"}
{"level":"info","message":"Calling getUserFromToken"}
{"level":"info","message":"Calling getUserFromToken"}
{"level":"info","message":"Calling getUserFromToken"}
{"level":"info","message":"Contact requests fetched for user with id: 64596c422157a93c48c27317"}
{"level":"info","message":"S3 instance created."}
{"level":"info","message":"Connected to MongoDB"}
{"level":"info","message":"Connected to MongoDB"}
{"level":"info","message":"Server is running at http://localhost:4000/graphql"}
{"level":"info","message":"Subscriptions ready at ws://localhost:4000/graphql"}
{"level":"info","message":"User logged in: lcr@lcr"}
{"level":"info","message":"Calling getUserFromToken"}
{"level":"info","message":"Calling getUserFromToken"}
{"level":"info","message":"Calling getUserFromToken"}
{"level":"info","message":"Calling getUserFromToken"}
{"level":"info","message":"Calling getUserFromToken"}
{"level":"info","message":"Contact requests fetched for user with id: 64596c422157a93c48c27317"}
{"level":"info","message":"S3 instance created."}
{"level":"info","message":"Connected to MongoDB"}
{"level":"info","message":"Connected to MongoDB"}
{"level":"info","message":"Server is running at http://localhost:4000/graphql"}
{"level":"info","message":"Subscriptions ready at ws://localhost:4000/graphql"}
{"level":"info","message":"User logged in: lcr@lcr"}
{"level":"info","message":"Calling getUserFromToken"}
{"level":"info","message":"Calling getUserFromToken"}
{"level":"info","message":"Calling getUserFromToken"}
{"level":"info","message":"Calling getUserFromToken"}
{"level":"info","message":"Calling getUserFromToken"}
{"level":"info","message":"Contact requests fetched for user with id: 64596c422157a93c48c27317"}
{"level":"info","message":"S3 instance created."}
{"level":"info","message":"Connected to MongoDB"}
{"level":"info","message":"Connected to MongoDB"}
{"level":"info","message":"Server is running at http://localhost:4000/graphql"}
{"level":"info","message":"Subscriptions ready at ws://localhost:4000/graphql"}
{"level":"info","message":"User logged in: lcr@lcr"}
{"level":"info","message":"Calling getUserFromToken"}
{"level":"info","message":"Calling getUserFromToken"}
{"level":"info","message":"Calling getUserFromToken"}
{"level":"info","message":"Calling getUserFromToken"}
{"level":"info","message":"Calling getUserFromToken"}
{"level":"info","message":"Contact requests fetched for user with id: 64596c422157a93c48c27317"}
{"level":"info","message":"S3 instance created."}
{"level":"info","message":"Connected to MongoDB"}
{"level":"info","message":"Connected to MongoDB"}
{"level":"info","message":"Server is running at http://localhost:4000/graphql"}
{"level":"info","message":"Subscriptions ready at ws://localhost:4000/graphql"}
{"level":"info","message":"User logged in: lcr@lcr"}
{"level":"info","message":"Calling getUserFromToken"}
{"level":"info","message":"Calling getUserFromToken"}
{"level":"info","message":"Calling getUserFromToken"}
{"level":"info","message":"Calling getUserFromToken"}
{"level":"info","message":"Calling getUserFromToken"}
{"level":"info","message":"Contact requests fetched for user with id: 64596c422157a93c48c27317"}
{"level":"info","message":"S3 instance created."}
{"level":"info","message":"Connected to MongoDB"}
{"level":"info","message":"Connected to MongoDB"}
{"level":"info","message":"Server is running at http://localhost:4000/graphql"}
{"level":"info","message":"Subscriptions ready at ws://localhost:4000/graphql"}
{"level":"info","message":"User logged in: lcr@lcr"}
{"level":"info","message":"Calling getUserFromToken"}
{"level":"info","message":"Calling getUserFromToken"}
{"level":"info","message":"Calling getUserFromToken"}
{"level":"info","message":"Calling getUserFromToken"}
{"level":"info","message":"Calling getUserFromToken"}
{"level":"info","message":"Contact requests fetched for user with id: 64596c422157a93c48c27317"}
{"level":"info","message":"Contacts fetched for user with id: 64596c422157a93c48c27317"}
{"level":"info","message":"Contact IDs: 645433394979094d96aae4a1"}
{"level":"info","message":"S3 instance created."}
{"level":"info","message":"Connected to MongoDB"}
{"level":"info","message":"Connected to MongoDB"}
{"level":"info","message":"Server is running at http://localhost:4000/graphql"}
{"level":"info","message":"Subscriptions ready at ws://localhost:4000/graphql"}
{"level":"info","message":"User logged in: lcr@lcr"}
{"level":"info","message":"Calling getUserFromToken"}
{"level":"info","message":"Calling getUserFromToken"}
{"level":"info","message":"Calling getUserFromToken"}
{"level":"info","message":"Calling getUserFromToken"}
{"level":"info","message":"Calling getUserFromToken"}
{"level":"info","message":"Contact requests fetched for user with id: 64596c422157a93c48c27317"}
{"level":"info","message":"Contacts fetched for user with id: 64596c422157a93c48c27317"}
{"level":"info","message":"Contact IDs: 645433394979094d96aae4a1"}
{"level":"info","message":"Contacts: { _id: new ObjectId(\"645433394979094d96aae4a1\"), email: 'jcc@jcc.com' }"}
{"level":"info","message":"S3 instance created."}
{"level":"info","message":"Connected to MongoDB"}
{"level":"info","message":"Connected to MongoDB"}
{"level":"info","message":"Server is running at http://localhost:4000/graphql"}
{"level":"info","message":"Subscriptions ready at ws://localhost:4000/graphql"}
{"level":"info","message":"User logged in: lcr@lcr"}
{"level":"info","message":"Calling getUserFromToken"}
{"level":"info","message":"Calling getUserFromToken"}
{"level":"info","message":"Calling getUserFromToken"}
{"level":"info","message":"Calling getUserFromToken"}
{"level":"info","message":"Calling getUserFromToken"}
{"level":"info","message":"Contact requests fetched for user with id: 64596c422157a93c48c27317"}
{"level":"info","message":"Contacts fetched for user with id: 64596c422157a93c48c27317"}
{"level":"info","message":"Contact IDs: 645433394979094d96aae4a1"}
{"level":"info","message":"Contacts: {\n  contacts: [],\n  _id: new ObjectId(\"645433394979094d96aae4a1\"),\n  email: 'jcc@jcc.com',\n  password: '$2a$10$CanXBaNFXx30UekVeActn.9hU0cXLFJwkSlovCRx05WpGne33Gtxm',\n  __v: 0\n}"}
{"level":"info","message":"S3 instance created."}
{"level":"info","message":"Connected to MongoDB"}
{"level":"info","message":"Connected to MongoDB"}
{"level":"info","message":"Server is running at http://localhost:4000/graphql"}
{"level":"info","message":"Subscriptions ready at ws://localhost:4000/graphql"}
{"level":"info","message":"User logged in: lcr@lcr"}
{"level":"info","message":"Calling getUserFromToken"}
{"level":"info","message":"Calling getUserFromToken"}
{"level":"info","message":"Calling getUserFromToken"}
{"level":"info","message":"Calling getUserFromToken"}
{"level":"info","message":"Calling getUserFromToken"}
{"level":"info","message":"Contact requests fetched for user with id: 64596c422157a93c48c27317"}
{"level":"info","message":"Contacts fetched for user with id: 64596c422157a93c48c27317"}
{"level":"info","message":"Contact IDs: 645433394979094d96aae4a1"}
{"level":"info","message":"Contacts: {\n  contacts: [],\n  _id: new ObjectId(\"645433394979094d96aae4a1\"),\n  email: 'jcc@jcc.com',\n  password: '$2a$10$CanXBaNFXx30UekVeActn.9hU0cXLFJwkSlovCRx05WpGne33Gtxm',\n  __v: 0\n}"}
{"level":"info","message":"Contact emails: jcc@jcc.com"}
{"level":"info","message":"S3 instance created."}
{"level":"info","message":"Connected to MongoDB"}
{"level":"info","message":"Connected to MongoDB"}
{"level":"info","message":"Server is running at http://localhost:4000/graphql"}
{"level":"info","message":"Subscriptions ready at ws://localhost:4000/graphql"}
{"level":"info","message":"User logged in: lcr@lcr"}
{"level":"info","message":"Calling getCurrentUser"}
{"level":"info","message":"token"}
{"level":"info","message":"Calling getUserFromToken"}
{"level":"info","message":"user"}
{"level":"info","message":"Calling getCurrentUser"}
{"level":"info","message":"token"}
{"level":"info","message":"Calling getUserFromToken"}
{"level":"info","message":"user"}
{"level":"info","message":"Calling getUserFromToken"}
{"level":"info","message":"Calling getChatRooms"}
{"level":"info","message":"token"}
{"level":"info","message":"Calling getUserFromToken"}
{"level":"info","message":"user"}
{"level":"info","message":"Calling getContacts"}
{"level":"info","message":"token"}
{"level":"info","message":"Calling getUserFromToken"}
{"level":"info","message":"Contact requests fetched for user with id: 64596c422157a93c48c27317"}
{"level":"info","message":"user"}
{"level":"info","message":"Contacts fetched for user with id: 64596c422157a93c48c27317"}
{"level":"info","message":"Contact IDs: 645433394979094d96aae4a1"}
{"level":"info","message":"Contacts: { _id: new ObjectId(\"645433394979094d96aae4a1\"), email: 'jcc@jcc.com' }"}
{"level":"info","message":"Contact emails: jcc@jcc.com"}
{"0":"645433394979094d96aae4a1","1":"64596c422157a93c48c27317","level":"info","message":"Calling getUsersById"}
{"0":"645433534979094d96aae4a5","1":"645433394979094d96aae4a1","2":"64596c422157a93c48c27317","level":"info","message":"Calling getUsersById"}
{"level":"info","message":"users"}
{"level":"info","message":"users"}
{"level":"info","message":"User logged in: lcr@lcr"}
{"level":"info","message":"Calling getCurrentUser"}
{"level":"info","message":"token"}
{"level":"info","message":"Calling getUserFromToken"}
{"level":"info","message":"user"}
{"level":"info","message":"Calling getCurrentUser"}
{"level":"info","message":"token"}
{"level":"info","message":"Calling getUserFromToken"}
{"level":"info","message":"user"}
{"level":"info","message":"Calling getUserFromToken"}
{"level":"info","message":"Calling getChatRooms"}
{"level":"info","message":"token"}
{"level":"info","message":"Calling getUserFromToken"}
{"level":"info","message":"Calling getContacts"}
{"level":"info","message":"token"}
{"level":"info","message":"Calling getUserFromToken"}
{"level":"info","message":"user"}
{"level":"info","message":"user"}
{"level":"info","message":"Contact requests fetched for user with id: 64596c422157a93c48c27317"}
{"level":"info","message":"Contacts fetched for user with id: 64596c422157a93c48c27317"}
{"level":"info","message":"Contact IDs: 645433394979094d96aae4a1"}
{"level":"info","message":"Contacts: { _id: new ObjectId(\"645433394979094d96aae4a1\"), email: 'jcc@jcc.com' }"}
{"level":"info","message":"Contact emails: jcc@jcc.com"}
{"0":"645433394979094d96aae4a1","1":"64596c422157a93c48c27317","level":"info","message":"Calling getUsersById"}
{"0":"645433534979094d96aae4a5","1":"645433394979094d96aae4a1","2":"64596c422157a93c48c27317","level":"info","message":"Calling getUsersById"}
{"level":"info","message":"users"}
{"level":"info","message":"users"}
{"level":"info","message":"S3 instance created."}
{"level":"info","message":"Connected to MongoDB"}
{"level":"info","message":"Connected to MongoDB"}
{"level":"info","message":"Server is running at http://localhost:4000/graphql"}
{"level":"info","message":"Subscriptions ready at ws://localhost:4000/graphql"}
{"level":"info","message":"User logged in: lcr@lcr"}
{"level":"info","message":"Calling getCurrentUser"}
{"level":"info","message":"token"}
{"level":"info","message":"Calling getUserFromToken"}
{"level":"info","message":"Calling getCurrentUser"}
{"level":"info","message":"token"}
{"level":"info","message":"Calling getUserFromToken"}
{"level":"info","message":"user"}
{"level":"info","message":"user"}
{"level":"info","message":"Calling getUserFromToken"}
{"level":"info","message":"Calling getChatRooms"}
{"level":"info","message":"token"}
{"level":"info","message":"Calling getUserFromToken"}
{"level":"info","message":"Calling getContacts"}
{"level":"info","message":"token"}
{"level":"info","message":"Calling getUserFromToken"}
{"level":"info","message":"user"}
{"level":"info","message":"user"}
{"level":"info","message":"Contact requests fetched for user with id: 64596c422157a93c48c27317"}
{"level":"info","message":"Contacts fetched for user with id: 64596c422157a93c48c27317"}
{"level":"info","message":"Contact IDs: 645433394979094d96aae4a1"}
{"level":"info","message":"Contacts: {\n  contacts: [],\n  _id: new ObjectId(\"645433394979094d96aae4a1\"),\n  email: 'jcc@jcc.com',\n  password: '$2a$10$CanXBaNFXx30UekVeActn.9hU0cXLFJwkSlovCRx05WpGne33Gtxm',\n  __v: 0\n}"}
{"level":"info","message":"Contact emails: jcc@jcc.com"}
{"0":"645433394979094d96aae4a1","1":"64596c422157a93c48c27317","level":"info","message":"Calling getUsersById"}
{"0":"645433534979094d96aae4a5","1":"645433394979094d96aae4a1","2":"64596c422157a93c48c27317","level":"info","message":"Calling getUsersById"}
{"level":"info","message":"users"}
{"level":"info","message":"users"}
{"level":"info","message":"S3 instance created."}
{"level":"info","message":"Connected to MongoDB"}
{"level":"info","message":"Connected to MongoDB"}
{"level":"info","message":"Server is running at http://localhost:4000/graphql"}
{"level":"info","message":"Subscriptions ready at ws://localhost:4000/graphql"}
{"level":"info","message":"User logged in: lcr@lcr"}
{"level":"info","message":"Calling getUserFromToken"}
{"level":"info","message":"Calling getUserFromToken"}
{"level":"info","message":"Calling getUserFromToken"}
{"level":"info","message":"Calling getUserFromToken"}
{"level":"info","message":"Calling getUserFromToken"}
{"level":"info","message":"Contact requests fetched for user with id: 64596c422157a93c48c27317"}
{"level":"info","message":"Contacts fetched for user with id: 64596c422157a93c48c27317"}
{"level":"info","message":"Contact IDs: 645433394979094d96aae4a1"}
{"level":"info","message":"Contacts: {\n  contacts: [],\n  _id: new ObjectId(\"645433394979094d96aae4a1\"),\n  email: 'jcc@jcc.com',\n  password: '$2a$10$CanXBaNFXx30UekVeActn.9hU0cXLFJwkSlovCRx05WpGne33Gtxm',\n  __v: 0\n}"}
{"level":"info","message":"Contact emails: jcc@jcc.com"}
{"level":"info","message":"User logged in: lcr@lcr"}
{"level":"info","message":"Calling getUserFromToken"}
{"level":"info","message":"Calling getUserFromToken"}
{"level":"info","message":"Calling getUserFromToken"}
{"level":"info","message":"Calling getUserFromToken"}
{"level":"info","message":"Calling getUserFromToken"}
{"level":"info","message":"Contact requests fetched for user with id: 64596c422157a93c48c27317"}
{"level":"info","message":"Contacts fetched for user with id: 64596c422157a93c48c27317"}
{"level":"info","message":"Contact IDs: 645433394979094d96aae4a1"}
{"level":"info","message":"Contacts: {\n  contacts: [],\n  _id: new ObjectId(\"645433394979094d96aae4a1\"),\n  email: 'jcc@jcc.com',\n  password: '$2a$10$CanXBaNFXx30UekVeActn.9hU0cXLFJwkSlovCRx05WpGne33Gtxm',\n  __v: 0\n}"}
{"level":"info","message":"Contact emails: jcc@jcc.com"}
{"level":"info","message":"S3 instance created."}
{"level":"info","message":"Connected to MongoDB"}
{"level":"info","message":"Connected to MongoDB"}
{"level":"info","message":"Server is running at http://localhost:4000/graphql"}
{"level":"info","message":"Subscriptions ready at ws://localhost:4000/graphql"}
{"level":"info","message":"User logged in: lcr@lcr"}
{"level":"info","message":"S3 instance created."}
{"level":"info","message":"Connected to MongoDB"}
{"level":"info","message":"Connected to MongoDB"}
{"level":"info","message":"Server is running at http://localhost:4000/graphql"}
{"level":"info","message":"Subscriptions ready at ws://localhost:4000/graphql"}
{"level":"info","message":"User logged in: lcr@lcr"}
{"level":"info","message":"Calling getUserFromToken"}
{"level":"info","message":"Calling getUserFromToken"}
{"level":"info","message":"Calling getUserFromToken"}
{"level":"info","message":"Calling getUserFromToken"}
{"level":"info","message":"Calling getUserFromToken"}
{"level":"info","message":"Contact requests fetched for user with id: 64596c422157a93c48c27317"}
{"level":"info","message":"Contacts fetched for user with id: 64596c422157a93c48c27317"}
{"level":"info","message":"Contact IDs: 645433394979094d96aae4a1"}
{"level":"info","message":"Contacts: {\n  contacts: [],\n  _id: new ObjectId(\"645433394979094d96aae4a1\"),\n  email: 'jcc@jcc.com',\n  password: '$2a$10$CanXBaNFXx30UekVeActn.9hU0cXLFJwkSlovCRx05WpGne33Gtxm',\n  __v: 0\n}"}
{"level":"info","message":"Contact emails: jcc@jcc.com"}
{"level":"info","message":"User logged in: lcr@lcr"}
{"level":"info","message":"Calling getUserFromToken"}
{"level":"info","message":"Calling getUserFromToken"}
{"level":"info","message":"Calling getUserFromToken"}
{"level":"info","message":"Calling getUserFromToken"}
{"level":"info","message":"Calling getUserFromToken"}
{"level":"info","message":"Contact requests fetched for user with id: 64596c422157a93c48c27317"}
{"level":"info","message":"Contacts fetched for user with id: 64596c422157a93c48c27317"}
{"level":"info","message":"Contact IDs: 645433394979094d96aae4a1"}
{"level":"info","message":"Contacts: {\n  contacts: [],\n  _id: new ObjectId(\"645433394979094d96aae4a1\"),\n  email: 'jcc@jcc.com',\n  password: '$2a$10$CanXBaNFXx30UekVeActn.9hU0cXLFJwkSlovCRx05WpGne33Gtxm',\n  __v: 0\n}"}
{"level":"info","message":"Contact emails: jcc@jcc.com"}
{"level":"info","message":"User logged in: lcr@lcr"}
{"level":"info","message":"Calling getUserFromToken"}
{"level":"info","message":"Calling getUserFromToken"}
{"level":"info","message":"Calling getUserFromToken"}
{"level":"info","message":"Calling getUserFromToken"}
{"level":"info","message":"Calling getUserFromToken"}
{"level":"info","message":"Contact requests fetched for user with id: 64596c422157a93c48c27317"}
{"level":"info","message":"Contacts fetched for user with id: 64596c422157a93c48c27317"}
{"level":"info","message":"Contact IDs: 645433394979094d96aae4a1"}
{"level":"info","message":"Contacts: {\n  contacts: [],\n  _id: new ObjectId(\"645433394979094d96aae4a1\"),\n  email: 'jcc@jcc.com',\n  password: '$2a$10$CanXBaNFXx30UekVeActn.9hU0cXLFJwkSlovCRx05WpGne33Gtxm',\n  __v: 0\n}"}
{"level":"info","message":"Contact emails: jcc@jcc.com"}
